2026-02-28 03:05:29,246 | INFO | GENERATOR | Attempt 1
2026-02-28 03:05:34,550 | INFO | GENERATOR | Success
2026-02-28 03:05:34,552 | INFO | CRITIC | Attempt 1
2026-02-28 03:05:36,175 | INFO | CRITIC | Success
2026-02-28 03:05:36,177 | INFO | REDTEAM | Attempt 1
2026-02-28 03:05:39,386 | INFO | REDTEAM | Success
2026-02-28 03:05:39,389 | INFO | VALIDATOR | Attempt 1
2026-02-28 03:05:42,636 | INFO | VALIDATOR | Success
2026-02-28 03:05:42,641 | INFO | REFINE | Attempt 1
2026-02-28 03:05:48,461 | INFO | REFINE | Success
2026-02-28 03:05:48,462 | INFO | CRITIC | Attempt 1
2026-02-28 03:05:50,521 | INFO | CRITIC | Success
2026-02-28 03:05:50,523 | INFO | REDTEAM | Attempt 1
2026-02-28 03:05:52,763 | INFO | REDTEAM | Success
2026-02-28 03:05:52,764 | INFO | VALIDATOR | Attempt 1
2026-02-28 03:05:56,469 | INFO | VALIDATOR | Success
2026-02-28 03:05:56,470 | INFO | REFINE | Attempt 1
2026-02-28 03:06:03,657 | INFO | REFINE | Success
2026-02-28 03:06:03,658 | INFO | CRITIC | Attempt 1
2026-02-28 03:06:05,367 | INFO | CRITIC | Success
2026-02-28 03:06:05,369 | INFO | REDTEAM | Attempt 1
2026-02-28 03:06:08,640 | INFO | REDTEAM | Success
2026-02-28 03:06:08,642 | INFO | VALIDATOR | Attempt 1
2026-02-28 03:06:13,354 | INFO | VALIDATOR | Success
2026-02-28 03:06:13,356 | INFO | REFINE | Attempt 1
2026-02-28 03:06:18,467 | INFO | REFINE | Success
2026-02-28 03:06:18,469 | INFO | CRITIC | Attempt 1
2026-02-28 03:06:20,518 | INFO | CRITIC | Success
2026-02-28 03:06:20,519 | INFO | REDTEAM | Attempt 1
2026-02-28 03:06:22,784 | INFO | REDTEAM | Success
2026-02-28 03:06:22,786 | INFO | VALIDATOR | Attempt 1
2026-02-28 03:06:32,801 | INFO | VALIDATOR | Success
2026-02-28 03:06:32,803 | INFO | REFINE | Attempt 1
2026-02-28 03:06:37,304 | INFO | REFINE | Success
2026-02-28 03:06:37,305 | INFO | CRITIC | Attempt 1
2026-02-28 03:06:39,580 | INFO | CRITIC | Success
2026-02-28 03:06:39,581 | INFO | REDTEAM | Attempt 1
2026-02-28 03:06:41,506 | INFO | REDTEAM | Success
2026-02-28 03:06:41,508 | INFO | VALIDATOR | Attempt 1
2026-02-28 03:06:51,957 | INFO | VALIDATOR | Success
2026-02-28 03:06:51,958 | INFO | FAILURE-SUMMARIZER | Attempt 1
2026-02-28 03:06:55,538 | INFO | FAILURE-SUMMARIZER | Success
2026-02-28 03:06:55,713 | INFO | SUMMARIZER | Attempt 1
