2026-02-27 21:27:10,993 | INFO | ============================================================
2026-02-27 21:27:10,996 | INFO | New Run | Query: should ai be used in healthcare?
2026-02-27 21:27:10,998 | INFO | Max Iterations: 2
2026-02-27 21:27:12,820 | INFO | GENERATOR | Attempt 1
2026-02-27 21:27:17,524 | INFO | GENERATOR | Success
2026-02-27 21:27:17,525 | INFO | Generator completed initial draft
2026-02-27 21:27:17,528 | INFO | CRITIC | Attempt 1
2026-02-27 21:27:19,412 | INFO | CRITIC | Success
2026-02-27 21:27:19,413 | INFO | Critic completed analysis
2026-02-27 21:27:19,416 | INFO | VALIDATOR | Attempt 1
2026-02-27 21:27:22,694 | INFO | VALIDATOR | Success
2026-02-27 21:27:22,706 | WARNING | Validator parsing failed. Retrying once.
2026-02-27 21:27:22,707 | INFO | VALIDATOR-RETRY | Attempt 1
2026-02-27 21:27:25,765 | INFO | VALIDATOR-RETRY | Success
2026-02-27 21:27:25,767 | INFO | Validator confidence: 0.5
2026-02-27 21:27:25,769 | INFO | REFINE | Attempt 1
2026-02-27 21:27:31,093 | INFO | REFINE | Success
2026-02-27 21:27:31,094 | INFO | Refinement iteration 1
2026-02-27 21:27:31,096 | INFO | CRITIC | Attempt 1
2026-02-27 21:27:33,982 | INFO | CRITIC | Success
2026-02-27 21:27:33,983 | INFO | Critic completed analysis
2026-02-27 21:27:33,985 | INFO | VALIDATOR | Attempt 1
2026-02-27 21:27:36,862 | INFO | VALIDATOR | Success
2026-02-27 21:27:36,863 | WARNING | Validator parsing failed. Retrying once.
2026-02-27 21:27:36,866 | INFO | VALIDATOR-RETRY | Attempt 1
2026-02-27 21:27:53,832 | INFO | VALIDATOR-RETRY | Success
2026-02-27 21:27:53,834 | INFO | Validator confidence: 0.5
2026-02-27 21:27:53,837 | INFO | REFINE | Attempt 1
2026-02-27 21:28:01,109 | INFO | REFINE | Success
2026-02-27 21:28:01,110 | INFO | Refinement iteration 2
2026-02-27 21:28:01,114 | INFO | CRITIC | Attempt 1
2026-02-27 21:28:03,135 | INFO | CRITIC | Success
2026-02-27 21:28:03,137 | INFO | Critic completed analysis
2026-02-27 21:28:03,138 | INFO | VALIDATOR | Attempt 1
2026-02-27 21:28:11,023 | INFO | VALIDATOR | Success
2026-02-27 21:28:11,024 | WARNING | Validator parsing failed. Retrying once.
2026-02-27 21:28:11,025 | INFO | VALIDATOR-RETRY | Attempt 1
2026-02-27 21:28:29,066 | INFO | VALIDATOR-RETRY | Success
2026-02-27 21:28:29,066 | INFO | Validator confidence: 0.5
2026-02-27 21:28:29,067 | INFO | FAILURE-SUMMARIZER | Attempt 1
2026-02-27 21:28:32,441 | INFO | FAILURE-SUMMARIZER | Success
2026-02-27 21:28:32,513 | INFO | Failure pattern stored in memory
2026-02-27 21:28:32,515 | INFO | SUMMARIZER | Attempt 1
2026-02-27 21:28:38,479 | INFO | SUMMARIZER | Success
2026-02-27 21:28:38,480 | INFO | Final summary generated
2026-02-27 21:28:38,496 | INFO | Workflow execution complete
2026-02-27 21:28:38,499 | INFO | ============================================================
