2026-02-28 01:33:29,687 | INFO | GENERATOR | Attempt 1
2026-02-28 01:33:33,350 | INFO | GENERATOR | Success
2026-02-28 01:33:33,358 | INFO | CRITIC | Attempt 1
2026-02-28 01:33:35,776 | INFO | CRITIC | Success
2026-02-28 01:33:35,779 | INFO | REDTEAM | Attempt 1
2026-02-28 01:33:37,536 | INFO | REDTEAM | Success
2026-02-28 01:33:37,540 | INFO | VALIDATOR | Attempt 1
2026-02-28 01:33:41,920 | INFO | VALIDATOR | Success
2026-02-28 01:33:41,924 | INFO | REFINE | Attempt 1
2026-02-28 01:33:49,017 | INFO | REFINE | Success
2026-02-28 01:33:49,019 | INFO | CRITIC | Attempt 1
2026-02-28 01:33:50,932 | INFO | CRITIC | Success
2026-02-28 01:33:50,935 | INFO | REDTEAM | Attempt 1
2026-02-28 01:33:54,210 | INFO | REDTEAM | Success
2026-02-28 01:33:54,213 | INFO | VALIDATOR | Attempt 1
2026-02-28 01:33:58,914 | INFO | VALIDATOR | Success
2026-02-28 01:33:58,946 | INFO | REFINE | Attempt 1
2026-02-28 01:34:04,856 | INFO | REFINE | Success
2026-02-28 01:34:04,858 | INFO | CRITIC | Attempt 1
2026-02-28 01:34:06,496 | INFO | CRITIC | Success
2026-02-28 01:34:06,510 | INFO | REDTEAM | Attempt 1
2026-02-28 01:34:09,468 | INFO | REDTEAM | Success
2026-02-28 01:34:09,472 | INFO | VALIDATOR | Attempt 1
2026-02-28 01:34:13,968 | INFO | VALIDATOR | Success
2026-02-28 01:34:13,970 | INFO | REFINE | Attempt 1
2026-02-28 01:34:21,561 | INFO | REFINE | Success
2026-02-28 01:34:21,564 | INFO | CRITIC | Attempt 1
2026-02-28 01:34:23,595 | INFO | CRITIC | Success
2026-02-28 01:34:23,598 | INFO | REDTEAM | Attempt 1
2026-02-28 01:34:26,666 | INFO | REDTEAM | Success
2026-02-28 01:34:26,668 | INFO | VALIDATOR | Attempt 1
2026-02-28 01:34:33,574 | INFO | VALIDATOR | Success
2026-02-28 01:34:33,576 | INFO | FAILURE-SUMMARIZER | Attempt 1
2026-02-28 01:34:37,120 | INFO | FAILURE-SUMMARIZER | Success
2026-02-28 01:34:38,366 | INFO | SUMMARIZER | Attempt 1
2026-02-28 01:35:16,540 | INFO | SUMMARIZER | Success
