2026-02-28 00:56:28,725 | INFO | GENERATOR | Attempt 1
2026-02-28 00:56:32,890 | INFO | GENERATOR | Success
2026-02-28 00:56:32,899 | INFO | CRITIC | Attempt 1
2026-02-28 00:56:34,402 | INFO | CRITIC | Success
2026-02-28 00:56:34,404 | INFO | REDTEAM | Attempt 1
2026-02-28 00:56:37,146 | INFO | REDTEAM | Success
2026-02-28 00:56:37,148 | INFO | VALIDATOR | Attempt 1
2026-02-28 00:56:41,752 | INFO | VALIDATOR | Success
2026-02-28 00:56:41,754 | INFO | REFINE | Attempt 1
2026-02-28 00:56:46,258 | INFO | REFINE | Success
2026-02-28 00:56:46,260 | INFO | CRITIC | Attempt 1
2026-02-28 00:56:48,205 | INFO | CRITIC | Success
2026-02-28 00:56:48,207 | INFO | REDTEAM | Attempt 1
2026-02-28 00:56:50,766 | INFO | REDTEAM | Success
2026-02-28 00:56:50,767 | INFO | VALIDATOR | Attempt 1
2026-02-28 00:56:54,584 | INFO | VALIDATOR | Success
2026-02-28 00:56:54,591 | INFO | REFINE | Attempt 1
2026-02-28 00:57:00,494 | INFO | REFINE | Success
2026-02-28 00:57:00,500 | INFO | CRITIC | Attempt 1
2026-02-28 00:57:02,385 | INFO | CRITIC | Success
2026-02-28 00:57:02,390 | INFO | REDTEAM | Attempt 1
2026-02-28 00:57:05,821 | INFO | REDTEAM | Success
2026-02-28 00:57:05,823 | INFO | VALIDATOR | Attempt 1
2026-02-28 00:57:09,757 | INFO | VALIDATOR | Success
2026-02-28 00:57:09,762 | INFO | FAILURE-SUMMARIZER | Attempt 1
2026-02-28 00:57:13,192 | INFO | FAILURE-SUMMARIZER | Success
2026-02-28 00:57:14,328 | INFO | SUMMARIZER | Attempt 1
2026-02-28 00:57:20,563 | INFO | SUMMARIZER | Success
2026-02-28 00:59:49,942 | INFO | GENERATOR | Attempt 1
2026-02-28 00:59:54,679 | INFO | GENERATOR | Success
2026-02-28 00:59:54,683 | INFO | CRITIC | Attempt 1
2026-02-28 00:59:56,726 | INFO | CRITIC | Success
2026-02-28 00:59:56,731 | INFO | REDTEAM | Attempt 1
2026-02-28 00:59:59,181 | INFO | REDTEAM | Success
2026-02-28 00:59:59,183 | INFO | VALIDATOR | Attempt 1
2026-02-28 01:00:03,898 | INFO | VALIDATOR | Success
2026-02-28 01:00:03,901 | INFO | REFINE | Attempt 1
2026-02-28 01:00:09,035 | INFO | REFINE | Success
2026-02-28 01:00:09,037 | INFO | CRITIC | Attempt 1
2026-02-28 01:00:11,263 | INFO | CRITIC | Success
2026-02-28 01:00:11,265 | INFO | REDTEAM | Attempt 1
2026-02-28 01:00:14,577 | INFO | REDTEAM | Success
2026-02-28 01:00:14,579 | INFO | VALIDATOR | Attempt 1
2026-02-28 01:00:18,443 | INFO | VALIDATOR | Success
2026-02-28 01:00:18,445 | INFO | REFINE | Attempt 1
2026-02-28 01:00:25,193 | INFO | REFINE | Success
2026-02-28 01:00:25,195 | INFO | CRITIC | Attempt 1
2026-02-28 01:00:27,749 | INFO | CRITIC | Success
2026-02-28 01:00:27,751 | INFO | REDTEAM | Attempt 1
2026-02-28 01:00:32,360 | INFO | REDTEAM | Success
2026-02-28 01:00:32,366 | INFO | VALIDATOR | Attempt 1
2026-02-28 01:00:37,273 | INFO | VALIDATOR | Success
2026-02-28 01:00:37,275 | INFO | REFINE | Attempt 1
2026-02-28 01:00:46,284 | INFO | REFINE | Success
2026-02-28 01:00:46,286 | INFO | CRITIC | Attempt 1
2026-02-28 01:00:52,027 | INFO | CRITIC | Success
2026-02-28 01:00:52,029 | INFO | REDTEAM | Attempt 1
2026-02-28 01:00:55,707 | INFO | REDTEAM | Success
2026-02-28 01:00:55,708 | INFO | VALIDATOR | Attempt 1
2026-02-28 01:01:01,133 | INFO | VALIDATOR | Success
2026-02-28 01:01:01,135 | INFO | REFINE | Attempt 1
2026-02-28 01:01:08,921 | INFO | REFINE | Success
2026-02-28 01:01:08,923 | INFO | CRITIC | Attempt 1
2026-02-28 01:01:11,066 | INFO | CRITIC | Success
2026-02-28 01:01:11,068 | INFO | REDTEAM | Attempt 1
2026-02-28 01:01:14,545 | INFO | REDTEAM | Success
2026-02-28 01:01:14,548 | INFO | VALIDATOR | Attempt 1
2026-02-28 01:01:20,903 | INFO | VALIDATOR | Success
2026-02-28 01:01:20,905 | INFO | REFINE | Attempt 1
2026-02-28 01:01:29,190 | INFO | REFINE | Success
2026-02-28 01:01:29,191 | INFO | CRITIC | Attempt 1
2026-02-28 01:01:31,648 | INFO | CRITIC | Success
2026-02-28 01:01:31,650 | INFO | REDTEAM | Attempt 1
2026-02-28 01:01:35,126 | INFO | REDTEAM | Success
2026-02-28 01:01:35,128 | INFO | VALIDATOR | Attempt 1
2026-02-28 01:01:41,076 | INFO | VALIDATOR | Success
2026-02-28 01:01:41,078 | INFO | FAILURE-SUMMARIZER | Attempt 1
2026-02-28 01:01:43,834 | INFO | FAILURE-SUMMARIZER | Success
