2026-02-27 23:55:00,689 | INFO | GENERATOR | Attempt 1
2026-02-27 23:55:04,515 | INFO | GENERATOR | Success
2026-02-27 23:55:04,518 | INFO | CRITIC | Attempt 1
2026-02-27 23:55:06,443 | INFO | CRITIC | Success
2026-02-27 23:55:06,446 | INFO | REDTEAM | Attempt 1
2026-02-27 23:55:08,902 | INFO | REDTEAM | Success
2026-02-27 23:55:08,903 | INFO | VALIDATOR | Attempt 1
2026-02-27 23:55:13,722 | INFO | VALIDATOR | Success
2026-02-27 23:55:13,725 | INFO | REFINE | Attempt 1
2026-02-27 23:55:19,655 | INFO | REFINE | Success
2026-02-27 23:55:19,657 | INFO | CRITIC | Attempt 1
2026-02-27 23:55:21,707 | INFO | CRITIC | Success
2026-02-27 23:55:21,709 | INFO | REDTEAM | Attempt 1
2026-02-27 23:55:23,853 | INFO | REDTEAM | Success
2026-02-27 23:55:23,855 | INFO | VALIDATOR | Attempt 1
2026-02-27 23:55:27,439 | INFO | VALIDATOR | Success
2026-02-27 23:55:27,445 | INFO | REFINE | Attempt 1
2026-02-27 23:55:32,490 | INFO | REFINE | Success
2026-02-27 23:55:32,493 | INFO | CRITIC | Attempt 1
2026-02-27 23:55:34,856 | INFO | CRITIC | Success
2026-02-27 23:55:34,858 | INFO | REDTEAM | Attempt 1
2026-02-27 23:55:37,288 | INFO | REDTEAM | Success
2026-02-27 23:55:37,291 | INFO | VALIDATOR | Attempt 1
2026-02-27 23:55:41,472 | INFO | VALIDATOR | Success
2026-02-27 23:55:41,474 | INFO | FAILURE-SUMMARIZER | Attempt 1
2026-02-27 23:55:47,527 | INFO | FAILURE-SUMMARIZER | Success
2026-02-27 23:55:47,599 | INFO | SUMMARIZER | Attempt 1
2026-02-27 23:55:51,929 | INFO | SUMMARIZER | Success
